2023-01-31 16:26:33 Loading main app package /usr/lib/obsidian/obsidian.asar
2023-01-31 16:26:34 Checking for update using Github
2023-01-31 16:26:34 Success.
2023-01-31 16:26:34 Latest version is 1.1.9
2023-01-31 16:26:34 App is up to date.
2023-01-31 16:56:31 Loading main app package /usr/lib/obsidian/obsidian.asar
2023-01-31 16:56:31 Checking for update using Github
2023-01-31 16:56:32 Success.
2023-01-31 16:56:32 Latest version is 1.1.9
2023-01-31 16:56:32 App is up to date.
2023-01-31 17:56:31 Checking for update using Github
2023-01-31 17:56:31 Success.
2023-01-31 17:56:31 Latest version is 1.1.9
2023-01-31 17:56:31 App is up to date.
2023-01-31 22:52:48 Loading main app package /usr/lib/obsidian/obsidian.asar
2023-01-31 22:52:49 Checking for update using Github
2023-01-31 22:52:52 Success.
2023-01-31 22:52:52 Latest version is 1.1.9
2023-01-31 22:52:52 App is up to date.
2023-01-31 23:28:40 Loading main app package /usr/lib/obsidian/obsidian.asar
2023-01-31 23:28:41 Checking for update using Github
2023-01-31 23:28:42 Success.
2023-01-31 23:28:42 Latest version is 1.1.9
2023-01-31 23:28:42 App is up to date.
2023-02-01 00:28:40 Checking for update using Github
2023-02-01 00:28:40 Success.
2023-02-01 00:28:40 Latest version is 1.1.9
2023-02-01 00:28:40 App is up to date.
2023-02-01 01:03:48 Loading main app package /usr/lib/obsidian/obsidian.asar
2023-02-01 01:03:48 Checking for update using Github
2023-02-01 01:03:48 Success.
2023-02-01 01:03:48 Latest version is 1.1.9
2023-02-01 01:03:48 App is up to date.
2023-02-01 01:04:25 Loading main app package /usr/lib/obsidian/obsidian.asar
2023-02-01 01:04:26 Checking for update using Github
2023-02-01 01:04:26 Success.
2023-02-01 01:04:26 Latest version is 1.1.9
2023-02-01 01:04:26 App is up to date.
2023-02-01 02:04:25 Checking for update using Github
2023-02-01 02:04:26 Success.
2023-02-01 02:04:26 Latest version is 1.1.9
2023-02-01 02:04:26 App is up to date.
2023-02-01 11:59:29 Loading main app package /usr/lib/obsidian/obsidian.asar
2023-02-01 11:59:30 Checking for update using Github
2023-02-01 11:59:30 Success.
2023-02-01 11:59:30 Latest version is 1.1.9
2023-02-01 11:59:30 App is up to date.
2023-02-01 12:05:06 Loading main app package /usr/lib/obsidian/obsidian.asar
2023-02-01 12:05:06 Checking for update using Github
2023-02-01 12:05:06 Success.
2023-02-01 12:05:06 Latest version is 1.1.9
2023-02-01 12:05:06 App is up to date.
2023-02-01 12:08:35 Loading main app package /usr/lib/obsidian/obsidian.asar
2023-02-01 12:08:36 Checking for update using Github
2023-02-01 12:08:36 Success.
2023-02-01 12:08:36 Latest version is 1.1.9
2023-02-01 12:08:36 App is up to date.
2023-02-01 12:09:10 Loading main app package /usr/lib/obsidian/obsidian.asar
2023-02-01 12:09:10 Checking for update using Github
2023-02-01 12:09:11 Success.
2023-02-01 12:09:11 Latest version is 1.1.9
2023-02-01 12:09:11 App is up to date.
2023-02-01 12:09:13 Loading main app package /usr/lib/obsidian/obsidian.asar
2023-02-01 12:09:14 Checking for update using Github
2023-02-01 12:11:37 Loading main app package /usr/lib/obsidian/obsidian.asar
2023-02-01 12:11:37 Checking for update using Github
2023-02-01 12:11:38 Success.
2023-02-01 12:11:38 Latest version is 1.1.9
2023-02-01 12:11:38 App is up to date.
2023-02-01 13:11:37 Checking for update using Github
2023-02-01 13:11:37 Success.
2023-02-01 13:11:37 Latest version is 1.1.9
2023-02-01 13:11:37 App is up to date.
2023-02-01 13:17:27 Loading main app package /usr/lib/obsidian/obsidian.asar
2023-02-01 13:17:27 Checking for update using Github
2023-02-01 13:17:47 Loading main app package /usr/lib/obsidian/obsidian.asar
2023-02-01 13:17:47 Checking for update using Github
2023-02-01 14:11:37 Checking for update using Github
2023-02-01 14:11:37 Success.
2023-02-01 14:11:37 Latest version is 1.1.9
2023-02-01 14:11:37 App is up to date.
2023-02-01 14:28:13 Loading main app package /usr/lib/obsidian/obsidian.asar
2023-02-01 14:28:14 Checking for update using Github
2023-02-01 14:28:14 Success.
2023-02-01 14:28:14 Latest version is 1.1.9
2023-02-01 14:28:14 App is up to date.
2023-02-01 14:37:47 Loading main app package /usr/lib/obsidian/obsidian.asar
2023-02-01 14:37:48 Checking for update using Github
2023-02-01 14:37:48 Success.
2023-02-01 14:37:48 Latest version is 1.1.9
2023-02-01 14:37:48 App is up to date.
2023-02-01 14:50:52 Loading main app package /usr/lib/obsidian/obsidian.asar
2023-02-01 14:50:53 Checking for update using Github
2023-02-01 14:50:53 Success.
2023-02-01 14:50:53 Latest version is 1.1.9
2023-02-01 14:50:53 App is up to date.
2023-02-01 14:51:34 Loading main app package /usr/lib/obsidian/obsidian.asar
2023-02-01 14:51:34 Checking for update using Github
2023-02-01 14:51:34 Success.
2023-02-01 14:51:34 Latest version is 1.1.9
2023-02-01 14:51:34 App is up to date.
2023-02-01 15:51:34 Checking for update using Github
2023-02-01 15:51:34 Success.
2023-02-01 15:51:34 Latest version is 1.1.9
2023-02-01 15:51:34 App is up to date.
2023-02-01 16:51:34 Checking for update using Github
2023-02-01 16:51:34 Success.
2023-02-01 16:51:34 Latest version is 1.1.9
2023-02-01 16:51:34 App is up to date.
2023-02-01 17:51:34 Checking for update using Github
2023-02-01 17:51:34 Success.
2023-02-01 17:51:34 Latest version is 1.1.9
2023-02-01 17:51:34 App is up to date.
2023-02-01 18:51:34 Checking for update using Github
2023-02-01 18:51:34 Success.
2023-02-01 18:51:34 Latest version is 1.1.9
2023-02-01 18:51:34 App is up to date.
2023-02-01 19:51:34 Checking for update using Github
2023-02-01 19:51:34 Success.
2023-02-01 19:51:34 Latest version is 1.1.9
2023-02-01 19:51:34 App is up to date.
2023-02-01 20:51:34 Checking for update using Github
2023-02-01 20:51:34 Success.
2023-02-01 20:51:34 Latest version is 1.1.9
2023-02-01 20:51:34 App is up to date.
2023-02-01 21:51:34 Checking for update using Github
2023-02-01 21:51:34 Success.
2023-02-01 21:51:34 Latest version is 1.1.9
2023-02-01 21:51:34 App is up to date.
2023-02-01 22:51:34 Checking for update using Github
2023-02-01 22:51:34 Success.
2023-02-01 22:51:34 Latest version is 1.1.9
2023-02-01 22:51:34 App is up to date.
2023-02-01 23:51:34 Checking for update using Github
2023-02-01 23:51:34 Success.
2023-02-01 23:51:34 Latest version is 1.1.9
2023-02-01 23:51:34 App is up to date.
2023-02-02 00:51:34 Checking for update using Github
2023-02-02 00:51:34 Success.
2023-02-02 00:51:34 Latest version is 1.1.9
2023-02-02 00:51:34 App is up to date.
2023-02-02 01:20:55 Loading main app package /usr/lib/obsidian/obsidian.asar
2023-02-02 01:20:56 Checking for update using Github
2023-02-02 01:20:56 Success.
2023-02-02 01:20:56 Latest version is 1.1.9
2023-02-02 01:20:56 App is up to date.
2023-02-02 02:20:55 Checking for update using Github
2023-02-02 02:20:55 Success.
2023-02-02 02:20:55 Latest version is 1.1.9
2023-02-02 02:20:55 App is up to date.
2023-02-02 02:22:55 Loading main app package /usr/lib/obsidian/obsidian.asar
2023-02-02 02:22:55 Checking for update using Github
2023-02-02 16:33:42 Loading main app package /usr/lib/obsidian/obsidian.asar
2023-02-02 16:33:44 Checking for update using Github
2023-02-02 16:33:45 Success.
2023-02-02 16:33:45 Latest version is 1.1.9
2023-02-02 16:33:45 App is up to date.
2023-02-02 16:35:19 Loading main app package /usr/lib/obsidian/obsidian.asar
2023-02-02 16:35:19 Checking for update using Github
2023-02-02 16:35:19 Success.
2023-02-02 16:35:19 Latest version is 1.1.9
2023-02-02 16:35:19 App is up to date.
2023-02-02 17:08:41 Loading main app package /usr/lib/obsidian/obsidian.asar
2023-02-02 17:08:41 Checking for update using Github
2023-02-02 17:08:42 Success.
2023-02-02 17:08:42 Latest version is 1.1.9
2023-02-02 17:08:42 App is up to date.
2023-02-02 18:08:41 Checking for update using Github
2023-02-02 18:08:41 Success.
2023-02-02 18:08:41 Latest version is 1.1.9
2023-02-02 18:08:41 App is up to date.
2023-02-02 19:08:41 Checking for update using Github
2023-02-02 19:08:41 Success.
2023-02-02 19:08:41 Latest version is 1.1.9
2023-02-02 19:08:41 App is up to date.
2023-02-02 20:08:41 Checking for update using Github
2023-02-02 20:08:41 Success.
2023-02-02 20:08:41 Latest version is 1.1.9
2023-02-02 20:08:41 App is up to date.
2023-02-02 20:50:28 Loading main app package /usr/lib/obsidian/obsidian.asar
2023-02-02 20:50:28 Checking for update using Github
2023-02-02 20:50:29 Success.
2023-02-02 20:50:29 Latest version is 1.1.9
2023-02-02 20:50:29 App is up to date.
2023-02-02 21:50:28 Checking for update using Github
2023-02-02 21:50:28 Success.
2023-02-02 21:50:28 Latest version is 1.1.9
2023-02-02 21:50:28 App is up to date.
2023-02-02 22:50:28 Checking for update using Github
2023-02-02 22:50:28 Success.
2023-02-02 22:50:28 Latest version is 1.1.9
2023-02-02 22:50:28 App is up to date.
2023-02-02 23:50:28 Checking for update using Github
2023-02-02 23:50:28 Success.
2023-02-02 23:50:28 Latest version is 1.1.9
2023-02-02 23:50:28 App is up to date.
2023-02-03 00:50:28 Checking for update using Github
2023-02-03 00:50:28 Success.
2023-02-03 00:50:28 Latest version is 1.1.9
2023-02-03 00:50:28 App is up to date.
2023-02-03 01:50:28 Checking for update using Github
2023-02-03 01:50:28 Success.
2023-02-03 01:50:28 Latest version is 1.1.9
2023-02-03 01:50:28 App is up to date.
2023-02-03 22:57:18 Loading main app package /usr/lib/obsidian/obsidian.asar
2023-02-03 22:57:18 Checking for update using Github
2023-02-03 22:57:19 Success.
2023-02-03 22:57:19 Latest version is 1.1.9
2023-02-03 22:57:19 App is up to date.
2023-02-03 23:57:18 Checking for update using Github
2023-02-03 23:57:18 Success.
2023-02-03 23:57:18 Latest version is 1.1.9
2023-02-03 23:57:18 App is up to date.
2023-02-04 00:57:18 Checking for update using Github
2023-02-04 00:57:18 Success.
2023-02-04 00:57:18 Latest version is 1.1.9
2023-02-04 00:57:18 App is up to date.
2023-02-04 12:07:29 Loading main app package /usr/lib/obsidian/obsidian.asar
2023-02-04 12:07:29 Checking for update using Github
2023-02-04 12:07:29 Success.
2023-02-04 12:07:29 Latest version is 1.1.9
2023-02-04 12:07:29 App is up to date.
2023-02-04 12:44:32 Loading main app package /usr/lib/obsidian/obsidian.asar
2023-02-04 12:44:32 Checking for update using Github
2023-02-04 12:44:32 Success.
2023-02-04 12:44:32 Latest version is 1.1.9
2023-02-04 12:44:32 App is up to date.
2023-02-04 13:44:32 Checking for update using Github
2023-02-04 13:44:32 Success.
2023-02-04 13:44:32 Latest version is 1.1.9
2023-02-04 13:44:32 App is up to date.
2023-02-04 14:36:56 Loading main app package /usr/lib/obsidian/obsidian.asar
2023-02-04 14:36:57 Checking for update using Github
2023-02-04 14:36:58 Success.
2023-02-04 14:36:58 Latest version is 1.1.9
2023-02-04 14:36:58 App is up to date.
2023-02-04 15:36:56 Checking for update using Github
2023-02-04 15:36:56 Success.
2023-02-04 15:36:56 Latest version is 1.1.9
2023-02-04 15:36:56 App is up to date.
2023-02-04 16:36:56 Checking for update using Github
2023-02-04 16:36:56 Success.
2023-02-04 16:36:56 Latest version is 1.1.9
2023-02-04 16:36:56 App is up to date.
2023-02-04 16:37:46 Loading main app package /usr/lib/obsidian/obsidian.asar
2023-02-04 16:37:47 Checking for update using Github
2023-02-04 16:37:48 Success.
2023-02-04 16:37:48 Latest version is 1.1.9
2023-02-04 16:37:48 App is up to date.
2023-02-04 16:41:26 Loading main app package /usr/lib/obsidian/obsidian.asar
2023-02-04 16:41:26 Checking for update using Github
2023-02-04 16:41:27 Success.
2023-02-04 16:41:27 Latest version is 1.1.9
2023-02-04 16:41:27 App is up to date.
2023-02-04 17:03:51 Loading main app package /usr/lib/obsidian/obsidian.asar
2023-02-04 17:03:52 Checking for update using Github
2023-02-04 17:03:53 Success.
2023-02-04 17:03:53 Latest version is 1.1.9
2023-02-04 17:03:53 App is up to date.
2023-02-04 18:03:51 Checking for update using Github
2023-02-04 18:03:52 Success.
2023-02-04 18:03:52 Latest version is 1.1.9
2023-02-04 18:03:52 App is up to date.
2023-02-05 13:23:04 Loading main app package /usr/lib/obsidian/obsidian.asar
2023-02-05 13:23:04 Checking for update using Github
2023-02-05 13:23:04 Success.
2023-02-05 13:23:04 Latest version is 1.1.9
2023-02-05 13:23:04 App is up to date.
2023-02-05 13:27:34 Loading main app package /usr/lib/obsidian/obsidian.asar
2023-02-05 13:27:34 Checking for update using Github
2023-02-05 13:27:34 Success.
2023-02-05 13:27:34 Latest version is 1.1.9
2023-02-05 13:27:34 App is up to date.
2023-02-05 13:28:29 Loading main app package /usr/lib/obsidian/obsidian.asar
2023-02-05 13:28:29 Checking for update using Github
2023-02-05 13:28:30 Success.
2023-02-05 13:28:30 Latest version is 1.1.9
2023-02-05 13:28:30 App is up to date.
2023-02-05 13:29:50 Loading main app package /usr/lib/obsidian/obsidian.asar
2023-02-05 13:29:50 Checking for update using Github
2023-02-05 13:29:50 Success.
2023-02-05 13:29:50 Latest version is 1.1.9
2023-02-05 13:29:50 App is up to date.
2023-02-05 14:29:50 Checking for update using Github
2023-02-05 14:29:50 Success.
2023-02-05 14:29:50 Latest version is 1.1.9
2023-02-05 14:29:50 App is up to date.
2023-02-05 15:29:50 Checking for update using Github
2023-02-05 15:29:50 Success.
2023-02-05 15:29:50 Latest version is 1.1.9
2023-02-05 15:29:50 App is up to date.
2023-02-05 16:29:50 Checking for update using Github
2023-02-05 16:29:50 Success.
2023-02-05 16:29:50 Latest version is 1.1.9
2023-02-05 16:29:50 App is up to date.
2023-02-05 17:29:50 Checking for update using Github
2023-02-05 17:29:50 Success.
2023-02-05 17:29:50 Latest version is 1.1.9
2023-02-05 17:29:50 App is up to date.
2023-02-05 18:29:50 Checking for update using Github
2023-02-05 18:29:50 Success.
2023-02-05 18:29:50 Latest version is 1.1.9
2023-02-05 18:29:50 App is up to date.
2023-02-05 19:29:50 Checking for update using Github
2023-02-05 19:29:50 Success.
2023-02-05 19:29:50 Latest version is 1.1.9
2023-02-05 19:29:50 App is up to date.
2023-02-06 19:20:34 Loading main app package /usr/lib/obsidian/obsidian.asar
2023-02-06 19:20:35 Checking for update using Github
2023-02-06 19:20:36 Success.
2023-02-06 19:20:36 Latest version is 1.1.9
2023-02-06 19:20:36 App is up to date.
2023-02-07 13:22:54 Loading main app package /usr/lib/obsidian/obsidian.asar
2023-02-07 13:22:55 Checking for update using Github
2023-02-07 13:22:55 Success.
2023-02-07 13:22:55 Latest version is 1.1.9
2023-02-07 13:22:55 App is up to date.
2023-02-07 13:24:51 Loading main app package /usr/lib/obsidian/obsidian.asar
2023-02-07 13:24:51 Checking for update using Github
2023-02-07 13:24:51 Success.
2023-02-07 13:24:51 Latest version is 1.1.9
2023-02-07 13:24:51 App is up to date.
2023-02-07 14:24:51 Checking for update using Github
2023-02-07 14:24:51 Success.
2023-02-07 14:24:51 Latest version is 1.1.9
2023-02-07 14:24:51 App is up to date.
2023-02-07 15:24:51 Checking for update using Github
2023-02-07 15:24:51 Success.
2023-02-07 15:24:51 Latest version is 1.1.9
2023-02-07 15:24:51 App is up to date.
2023-02-07 16:24:51 Checking for update using Github
2023-02-07 16:24:51 Success.
2023-02-07 16:24:51 Latest version is 1.1.9
2023-02-07 16:24:51 App is up to date.
2023-02-07 18:57:10 Loading main app package /usr/lib/obsidian/obsidian.asar
2023-02-07 18:57:10 Checking for update using Github
2023-02-07 18:57:10 Success.
2023-02-07 18:57:10 Latest version is 1.1.9
2023-02-07 18:57:10 App is up to date.
2023-02-07 18:58:07 Loading main app package /usr/lib/obsidian/obsidian.asar
2023-02-07 18:58:07 Checking for update using Github
2023-02-07 18:58:07 Success.
2023-02-07 18:58:07 Latest version is 1.1.9
2023-02-07 18:58:07 App is up to date.
2023-02-07 18:59:18 Loading main app package /usr/lib/obsidian/obsidian.asar
2023-02-07 18:59:18 Checking for update using Github
2023-02-07 18:59:19 Success.
2023-02-07 18:59:19 Latest version is 1.1.9
2023-02-07 18:59:19 App is up to date.
2023-02-07 19:59:18 Checking for update using Github
2023-02-07 19:59:18 Success.
2023-02-07 19:59:18 Latest version is 1.1.9
2023-02-07 19:59:18 App is up to date.
2023-02-07 20:59:18 Checking for update using Github
2023-02-07 20:59:18 Success.
2023-02-07 20:59:18 Latest version is 1.1.9
2023-02-07 20:59:18 App is up to date.
2023-02-08 18:35:32 Loading main app package /usr/lib/obsidian/obsidian.asar
2023-02-08 18:35:32 Checking for update using Github
2023-02-08 18:35:33 Success.
2023-02-08 18:35:33 Latest version is 1.1.9
2023-02-08 18:35:33 App is up to date.
2023-02-08 19:35:32 Checking for update using Github
2023-02-08 19:35:32 Success.
2023-02-08 19:35:32 Latest version is 1.1.9
2023-02-08 19:35:32 App is up to date.
2023-02-09 15:58:08 Loading main app package /usr/lib/obsidian/obsidian.asar
2023-02-09 15:58:09 Checking for update using Github
2023-02-09 15:58:09 Success.
2023-02-09 15:58:09 Latest version is 1.1.9
2023-02-09 15:58:09 App is up to date.
2023-02-09 16:58:08 Checking for update using Github
2023-02-09 16:58:08 Success.
2023-02-09 16:58:08 Latest version is 1.1.9
2023-02-09 16:58:08 App is up to date.
2023-02-09 17:58:08 Checking for update using Github
2023-02-09 17:58:08 Success.
2023-02-09 17:58:08 Latest version is 1.1.9
2023-02-09 17:58:08 App is up to date.
2023-02-09 18:58:08 Checking for update using Github
2023-02-09 18:58:09 Success.
2023-02-09 18:58:09 Latest version is 1.1.9
2023-02-09 18:58:09 App is up to date.
2023-02-09 19:58:09 Checking for update using Github
2023-02-09 19:58:09 Success.
2023-02-09 19:58:09 Latest version is 1.1.9
2023-02-09 19:58:09 App is up to date.
2023-02-10 12:16:57 Loading main app package /usr/lib/obsidian/obsidian.asar
2023-02-10 12:16:57 Checking for update using Github
2023-02-10 12:16:58 Success.
2023-02-10 12:16:58 Latest version is 1.1.9
2023-02-10 12:16:58 App is up to date.
2023-02-10 13:16:57 Checking for update using Github
2023-02-10 13:16:57 Success.
2023-02-10 13:16:57 Latest version is 1.1.9
2023-02-10 13:16:57 App is up to date.
2023-02-10 14:16:57 Checking for update using Github
2023-02-10 14:16:57 Success.
2023-02-10 14:16:57 Latest version is 1.1.9
2023-02-10 14:16:57 App is up to date.
2023-02-10 15:16:57 Checking for update using Github
2023-02-10 15:16:57 Success.
2023-02-10 15:16:57 Latest version is 1.1.9
2023-02-10 15:16:57 App is up to date.
2023-02-10 16:16:57 Checking for update using Github
2023-02-10 16:16:57 Success.
2023-02-10 16:16:57 Latest version is 1.1.9
2023-02-10 16:16:57 App is up to date.
2023-02-10 17:16:57 Checking for update using Github
2023-02-10 17:16:58 Success.
2023-02-10 17:16:58 Latest version is 1.1.9
2023-02-10 17:16:58 App is up to date.
2023-02-10 18:16:58 Checking for update using Github
2023-02-10 18:16:58 Success.
2023-02-10 18:16:58 Latest version is 1.1.9
2023-02-10 18:16:58 App is up to date.
2023-02-10 19:16:58 Checking for update using Github
2023-02-10 19:16:58 Success.
2023-02-10 19:16:58 Latest version is 1.1.9
2023-02-10 19:16:58 App is up to date.
2023-02-10 20:31:33 Loading main app package /usr/lib/obsidian/obsidian.asar
2023-02-10 20:31:34 Checking for update using Github
2023-02-10 20:31:34 Success.
2023-02-10 20:31:34 Latest version is 1.1.9
2023-02-10 20:31:34 App is up to date.
2023-02-10 20:39:54 Loading main app package /usr/lib/obsidian/obsidian.asar
2023-02-10 20:39:55 Checking for update using Github
2023-02-10 20:39:55 Success.
2023-02-10 20:39:55 Latest version is 1.1.9
2023-02-10 20:39:55 App is up to date.
2023-02-12 21:00:22 Loading main app package /usr/lib/obsidian/obsidian.asar
2023-02-12 21:00:22 Checking for update using Github
2023-02-12 21:00:22 Success.
2023-02-12 21:00:22 Latest version is 1.1.9
2023-02-12 21:00:22 App is up to date.
2023-02-12 22:00:22 Checking for update using Github
2023-02-12 22:00:22 Success.
2023-02-12 22:00:22 Latest version is 1.1.9
2023-02-12 22:00:22 App is up to date.
2023-02-12 23:00:22 Checking for update using Github
2023-02-12 23:00:22 Success.
2023-02-12 23:00:22 Latest version is 1.1.9
2023-02-12 23:00:22 App is up to date.
2023-02-13 12:27:48 Loading main app package /usr/lib/obsidian/obsidian.asar
2023-02-13 12:27:48 Checking for update using Github
2023-02-13 12:27:49 Success.
2023-02-13 12:27:49 Latest version is 1.1.9
2023-02-13 12:27:49 App is up to date.
2023-02-13 13:27:48 Checking for update using Github
2023-02-13 13:27:48 Success.
2023-02-13 13:27:48 Latest version is 1.1.9
2023-02-13 13:27:48 App is up to date.
2023-02-13 14:27:48 Checking for update using Github
2023-02-13 14:27:49 Success.
2023-02-13 14:27:49 Latest version is 1.1.9
2023-02-13 14:27:49 App is up to date.
2023-02-13 15:27:48 Checking for update using Github
2023-02-13 15:27:48 Success.
2023-02-13 15:27:48 Latest version is 1.1.9
2023-02-13 15:27:48 App is up to date.
2023-02-13 16:27:48 Checking for update using Github
2023-02-13 16:27:48 Success.
2023-02-13 16:27:48 Latest version is 1.1.9
2023-02-13 16:27:48 App is up to date.
2023-02-13 17:27:48 Checking for update using Github
2023-02-13 17:27:49 Success.
2023-02-13 17:27:49 Latest version is 1.1.9
2023-02-13 17:27:49 App is up to date.
2023-02-13 18:27:48 Checking for update using Github
2023-02-13 18:27:48 Success.
2023-02-13 18:27:48 Latest version is 1.1.9
2023-02-13 18:27:48 App is up to date.
2023-02-13 19:27:49 Checking for update using Github
2023-02-13 19:27:49 Success.
2023-02-13 19:27:49 Latest version is 1.1.9
2023-02-13 19:27:49 App is up to date.
2023-02-13 20:27:49 Checking for update using Github
2023-02-13 20:27:49 Success.
2023-02-13 20:27:49 Latest version is 1.1.9
2023-02-13 20:27:49 App is up to date.
2023-02-14 13:17:49 Loading main app package /usr/lib/obsidian/obsidian.asar
2023-02-14 13:17:49 Checking for update using Github
2023-02-14 13:17:49 Success.
2023-02-14 13:17:49 Latest version is 1.1.9
2023-02-14 13:17:49 App is up to date.
2023-02-14 14:17:49 Checking for update using Github
2023-02-14 14:17:49 Success.
2023-02-14 14:17:49 Latest version is 1.1.9
2023-02-14 14:17:49 App is up to date.
2023-02-14 15:17:49 Checking for update using Github
2023-02-14 15:17:49 Success.
2023-02-14 15:17:49 Latest version is 1.1.9
2023-02-14 15:17:49 App is up to date.
2023-02-14 15:39:13 Loading main app package /usr/lib/obsidian/obsidian.asar
2023-02-14 15:39:14 Checking for update using Github
2023-02-14 16:17:49 Checking for update using Github
2023-02-14 16:17:49 Success.
2023-02-14 16:17:49 Latest version is 1.1.9
2023-02-14 16:17:50 App is up to date.
2023-02-14 17:17:49 Checking for update using Github
2023-02-14 17:17:50 Success.
2023-02-14 17:17:50 Latest version is 1.1.9
2023-02-14 17:17:50 App is up to date.
2023-02-14 18:17:50 Checking for update using Github
2023-02-14 18:17:50 Success.
2023-02-14 18:17:50 Latest version is 1.1.9
2023-02-14 18:17:50 App is up to date.
2023-02-14 19:17:50 Checking for update using Github
2023-02-14 19:17:50 Success.
2023-02-14 19:17:50 Latest version is 1.1.9
2023-02-14 19:17:50 App is up to date.
2023-02-15 13:41:59 Loading main app package /usr/lib/obsidian/obsidian.asar
2023-02-15 13:42:00 Checking for update using Github
2023-02-15 13:42:00 Success.
2023-02-15 13:42:00 Latest version is 1.1.9
2023-02-15 13:42:00 App is up to date.
2023-02-15 14:41:59 Checking for update using Github
2023-02-15 14:41:59 Success.
2023-02-15 14:41:59 Latest version is 1.1.9
2023-02-15 14:41:59 App is up to date.
2023-02-15 15:41:59 Checking for update using Github
2023-02-15 15:41:59 Success.
2023-02-15 15:41:59 Latest version is 1.1.9
2023-02-15 15:41:59 App is up to date.
2023-02-15 16:41:59 Checking for update using Github
2023-02-15 16:41:59 Success.
2023-02-15 16:41:59 Latest version is 1.1.9
2023-02-15 16:41:59 App is up to date.
2023-02-15 18:05:30 Loading main app package /usr/lib/obsidian/obsidian.asar
2023-02-15 18:05:31 Checking for update using Github
2023-02-15 18:05:31 Success.
2023-02-15 18:05:31 Latest version is 1.1.9
2023-02-15 18:05:31 App is up to date.
2023-02-15 19:05:30 Checking for update using Github
2023-02-15 19:05:30 Success.
2023-02-15 19:05:30 Latest version is 1.1.9
2023-02-15 19:05:30 App is up to date.
2023-02-15 20:05:30 Checking for update using Github
2023-02-15 20:05:31 Success.
2023-02-15 20:05:31 Latest version is 1.1.9
2023-02-15 20:05:31 App is up to date.
2023-02-16 17:23:10 Loading main app package /usr/lib/obsidian/obsidian.asar
2023-02-16 17:23:10 Checking for update using Github
2023-02-16 17:23:10 Success.
2023-02-16 17:23:10 Latest version is 1.1.9
2023-02-16 17:23:10 App is up to date.
2023-02-16 20:03:04 Loading main app package /usr/lib/obsidian/obsidian.asar
2023-02-16 20:03:05 Checking for update using Github
2023-02-16 20:03:05 Success.
2023-02-16 20:03:05 Latest version is 1.1.9
2023-02-16 20:03:05 App is up to date.
2023-02-17 00:49:17 Loading main app package /usr/lib/obsidian/obsidian.asar
2023-02-17 00:49:17 Checking for update using Github
2023-02-17 00:49:17 Success.
2023-02-17 00:49:17 Latest version is 1.1.9
2023-02-17 00:49:17 App is up to date.
2023-02-17 01:00:54 Loading main app package /usr/lib/obsidian/obsidian.asar
2023-02-17 01:00:54 Checking for update using Github
2023-02-17 01:00:55 Success.
2023-02-17 01:00:55 Latest version is 1.1.9
2023-02-17 01:00:55 App is up to date.
2023-02-17 15:09:35 Loading main app package /usr/lib/obsidian/obsidian.asar
2023-02-17 15:09:35 Checking for update using Github
2023-02-17 15:09:36 Success.
2023-02-17 15:09:36 Latest version is 1.1.9
2023-02-17 15:09:36 App is up to date.
2023-02-17 16:09:35 Checking for update using Github
2023-02-17 16:09:35 Success.
2023-02-17 16:09:35 Latest version is 1.1.9
2023-02-17 16:09:35 App is up to date.
2023-02-17 17:09:35 Checking for update using Github
2023-02-17 17:09:35 Success.
2023-02-17 17:09:35 Latest version is 1.1.9
2023-02-17 17:09:35 App is up to date.
2023-02-17 18:09:35 Checking for update using Github
2023-02-17 18:09:35 Success.
2023-02-17 18:09:35 Latest version is 1.1.9
2023-02-17 18:09:35 App is up to date.
2023-02-17 19:09:36 Checking for update using Github
2023-02-17 19:09:37 Success.
2023-02-17 19:09:37 Latest version is 1.1.9
2023-02-17 19:09:37 App is up to date.
2023-02-17 20:09:36 Checking for update using Github
2023-02-17 20:09:36 Success.
2023-02-17 20:09:36 Latest version is 1.1.9
2023-02-17 20:09:36 App is up to date.
2023-02-18 15:53:11 Loading main app package /usr/lib/obsidian/obsidian.asar
2023-02-18 15:53:11 Checking for update using Github
2023-02-18 15:53:12 Success.
2023-02-18 15:53:12 Latest version is 1.1.9
2023-02-18 15:53:12 App is up to date.
2023-02-18 20:13:02 Loading main app package /usr/lib/obsidian/obsidian.asar
2023-02-18 20:13:02 Checking for update using Github
2023-02-18 20:13:02 Success.
2023-02-18 20:13:02 Latest version is 1.1.9
2023-02-18 20:13:02 App is up to date.
2023-02-19 02:32:50 Loading main app package /usr/lib/obsidian/obsidian.asar
2023-02-19 02:32:50 Checking for update using Github
2023-02-19 02:32:51 Success.
2023-02-19 02:32:51 Latest version is 1.1.9
2023-02-19 02:32:51 App is up to date.
2023-02-19 15:12:41 Loading main app package /usr/lib/obsidian/obsidian.asar
2023-02-19 15:12:42 Checking for update using Github
2023-02-19 15:12:42 Success.
2023-02-19 15:12:42 Latest version is 1.1.9
2023-02-19 15:12:42 App is up to date.
2023-02-19 16:12:41 Checking for update using Github
2023-02-19 16:12:41 Success.
2023-02-19 16:12:41 Latest version is 1.1.9
2023-02-19 16:12:41 App is up to date.
2023-02-20 13:22:34 Loading main app package /usr/lib/obsidian/obsidian.asar
2023-02-20 13:22:35 Checking for update using Github
2023-02-20 13:22:35 Success.
2023-02-20 13:22:35 Latest version is 1.1.9
2023-02-20 13:22:35 App is up to date.
2023-02-20 14:22:35 Checking for update using Github
2023-02-20 14:22:35 Success.
2023-02-20 14:22:35 Latest version is 1.1.9
2023-02-20 14:22:35 App is up to date.
2023-02-20 15:22:35 Checking for update using Github
2023-02-20 15:22:35 Success.
2023-02-20 15:22:35 Latest version is 1.1.9
2023-02-20 15:22:35 App is up to date.
2023-02-21 21:47:16 Loading main app package /usr/lib/obsidian/obsidian.asar
2023-02-21 21:47:17 Checking for update using Github
2023-02-21 21:47:17 Success.
2023-02-21 21:47:17 Latest version is 1.1.9
2023-02-21 21:47:17 App is up to date.
2023-02-22 15:13:33 Loading main app package /usr/lib/obsidian/obsidian.asar
2023-02-22 15:13:34 Checking for update using Github
2023-02-22 15:13:34 Success.
2023-02-22 15:13:34 Latest version is 1.1.9
2023-02-22 15:13:34 App is up to date.
2023-02-22 16:13:34 Checking for update using Github
2023-02-22 16:13:34 Success.
2023-02-22 16:13:34 Latest version is 1.1.15
2023-02-22 16:13:34 Downloading update from https://github.com/obsidianmd/obsidian-releases/releases/download/v1.1.15/obsidian-1.1.15.asar.gz
2023-02-22 16:13:36 Verifying hash & signature. Size= 5765357
2023-02-22 16:13:36 Saving file
2023-02-22 16:13:36 Update complete.
2023-02-22 17:13:34 Checking for update using Github
2023-02-22 17:13:34 Success.
2023-02-22 17:13:34 Latest version is 1.1.15
2023-02-22 17:13:34 An update is already downloaded.
2023-02-22 18:13:34 Checking for update using Github
2023-02-22 18:13:34 Success.
2023-02-22 18:13:34 Latest version is 1.1.15
2023-02-22 18:13:34 An update is already downloaded.
2023-02-22 19:13:34 Checking for update using Github
2023-02-22 19:13:34 Success.
2023-02-22 19:13:34 Latest version is 1.1.15
2023-02-22 19:13:34 An update is already downloaded.
2023-02-22 20:13:35 Checking for update using Github
2023-02-22 20:13:35 Success.
2023-02-22 20:13:35 Latest version is 1.1.15
2023-02-22 20:13:35 An update is already downloaded.
2023-02-24 16:09:15 Loading updated app package /home/trecto/.config/obsidian/obsidian-1.1.15.asar
2023-02-24 16:09:15 Checking for update using Github
2023-02-24 16:09:16 Success.
2023-02-24 16:09:16 Latest version is 1.1.15
2023-02-24 16:09:16 App is up to date.
2023-02-24 17:09:15 Checking for update using Github
2023-02-24 17:09:15 Success.
2023-02-24 17:09:15 Latest version is 1.1.15
2023-02-24 17:09:15 App is up to date.
2023-02-24 18:09:15 Checking for update using Github
2023-02-24 18:09:15 Success.
2023-02-24 18:09:15 Latest version is 1.1.15
2023-02-24 18:09:15 App is up to date.
2023-02-24 19:09:15 Checking for update using Github
2023-02-24 19:09:15 Success.
2023-02-24 19:09:15 Latest version is 1.1.15
2023-02-24 19:09:15 App is up to date.
2023-02-24 20:09:15 Checking for update using Github
2023-02-24 20:09:15 Success.
2023-02-24 20:09:15 Latest version is 1.1.15
2023-02-24 20:09:15 App is up to date.
2023-02-25 13:43:57 Loading updated app package /home/trecto/.config/obsidian/obsidian-1.1.15.asar
2023-02-25 13:43:58 Checking for update using Github
2023-02-25 13:43:58 Success.
2023-02-25 13:43:58 Latest version is 1.1.15
2023-02-25 13:43:58 App is up to date.
2023-02-25 14:43:57 Checking for update using Github
2023-02-25 14:43:57 Success.
2023-02-25 14:43:57 Latest version is 1.1.15
2023-02-25 14:43:57 App is up to date.
2023-02-25 14:53:13 Loading main app package /usr/lib/obsidian/obsidian.asar
2023-02-25 14:53:14 Checking for update using Github
2023-02-25 14:53:15 Success.
2023-02-25 14:53:15 Latest version is 1.1.15
2023-02-25 14:53:15 App is up to date.
2023-02-25 16:06:47 Loading main app package /usr/lib/obsidian/obsidian.asar
2023-02-25 16:06:48 Checking for update using Github
2023-02-25 16:06:48 Success.
2023-02-25 16:06:48 Latest version is 1.1.15
2023-02-25 16:06:48 App is up to date.
2023-02-25 17:06:47 Checking for update using Github
2023-02-25 17:06:47 Success.
2023-02-25 17:06:47 Latest version is 1.1.15
2023-02-25 17:06:47 App is up to date.
2023-02-25 18:06:47 Checking for update using Github
2023-02-25 18:06:47 Success.
2023-02-25 18:06:47 Latest version is 1.1.15
2023-02-25 18:06:47 App is up to date.
2023-02-25 19:06:48 Checking for update using Github
2023-02-25 19:06:48 Success.
2023-02-25 19:06:48 Latest version is 1.1.15
2023-02-25 19:06:48 App is up to date.
2023-02-25 22:12:45 Loading main app package /usr/lib/obsidian/obsidian.asar
2023-02-25 22:12:46 Checking for update using Github
2023-02-25 22:12:46 Success.
2023-02-25 22:12:46 Latest version is 1.1.15
2023-02-25 22:12:46 App is up to date.
2023-02-25 23:12:45 Checking for update using Github
2023-02-25 23:12:45 Success.
2023-02-25 23:12:45 Latest version is 1.1.15
2023-02-25 23:12:45 App is up to date.
2023-02-26 13:30:27 Loading main app package /usr/lib/obsidian/obsidian.asar
2023-02-26 13:30:27 Checking for update using Github
2023-02-26 13:30:27 Success.
2023-02-26 13:30:27 Latest version is 1.1.15
2023-02-26 13:30:27 App is up to date.
2023-02-26 14:18:52 Loading main app package /usr/lib/obsidian/obsidian.asar
2023-02-26 14:18:53 Checking for update using Github
2023-02-26 14:18:53 Success.
2023-02-26 14:18:53 Latest version is 1.1.15
2023-02-26 14:18:53 App is up to date.
2023-02-26 15:18:53 Checking for update using Github
2023-02-26 15:18:53 Success.
2023-02-26 15:18:53 Latest version is 1.1.15
2023-02-26 15:18:53 App is up to date.
2023-02-26 16:18:53 Checking for update using Github
2023-02-26 16:18:53 Success.
2023-02-26 16:18:53 Latest version is 1.1.15
2023-02-26 16:18:53 App is up to date.
2023-02-26 17:18:53 Checking for update using Github
2023-02-26 17:18:53 Success.
2023-02-26 17:18:53 Latest version is 1.1.15
2023-02-26 17:18:53 App is up to date.
2023-02-26 19:28:39 Loading main app package /usr/lib/obsidian/obsidian.asar
2023-02-26 19:28:39 Checking for update using Github
2023-02-26 19:28:40 Success.
2023-02-26 19:28:40 Latest version is 1.1.15
2023-02-26 19:28:40 App is up to date.
2023-02-26 20:28:39 Checking for update using Github
2023-02-26 20:28:40 Success.
2023-02-26 20:28:40 Latest version is 1.1.15
2023-02-26 20:28:40 App is up to date.
2023-02-27 01:14:51 Loading main app package /usr/lib/obsidian/obsidian.asar
2023-02-27 01:14:51 Checking for update using Github
2023-02-27 01:14:52 Success.
2023-02-27 01:14:52 Latest version is 1.1.15
2023-02-27 01:14:52 App is up to date.
2023-02-27 18:58:59 Loading main app package /usr/lib/obsidian/obsidian.asar
2023-02-27 18:59:00 Checking for update using Github
2023-02-27 18:59:00 Success.
2023-02-27 18:59:00 Latest version is 1.1.15
2023-02-27 18:59:00 App is up to date.
2023-02-27 19:58:59 Checking for update using Github
2023-02-27 19:58:59 Success.
2023-02-27 19:58:59 Latest version is 1.1.15
2023-02-27 19:58:59 App is up to date.
2023-02-27 20:58:59 Checking for update using Github
2023-02-27 20:59:05 Success.
2023-02-27 20:59:05 Latest version is 1.1.15
2023-02-27 20:59:05 App is up to date.
2023-03-01 12:58:42 Loading main app package /usr/lib/obsidian/obsidian.asar
2023-03-01 12:58:43 Checking for update using Github
2023-03-01 12:58:43 Success.
2023-03-01 12:58:43 Latest version is 1.1.15
2023-03-01 12:58:43 App is up to date.
2023-03-01 13:58:43 Checking for update using Github
2023-03-01 13:58:43 Success.
2023-03-01 13:58:43 Latest version is 1.1.15
2023-03-01 13:58:43 App is up to date.
2023-03-01 14:58:43 Checking for update using Github
2023-03-01 14:58:43 Success.
2023-03-01 14:58:43 Latest version is 1.1.15
2023-03-01 14:58:43 App is up to date.
2023-03-01 15:58:43 Checking for update using Github
2023-03-01 15:58:43 Success.
2023-03-01 15:58:43 Latest version is 1.1.15
2023-03-01 15:58:43 App is up to date.
2023-03-01 16:58:43 Checking for update using Github
2023-03-01 16:58:43 Success.
2023-03-01 16:58:43 Latest version is 1.1.15
2023-03-01 16:58:43 App is up to date.
2023-03-01 17:21:55 Loading main app package /usr/lib/obsidian/obsidian.asar
2023-03-01 17:21:55 Checking for update using Github
2023-03-01 17:21:55 Success.
2023-03-01 17:21:55 Latest version is 1.1.15
2023-03-01 17:21:55 App is up to date.
2023-03-01 17:30:22 Checking for update using Github
2023-03-01 17:30:22 Success.
2023-03-01 17:30:22 Latest version is 1.1.15
2023-03-01 17:30:22 App is up to date.
2023-03-01 17:30:23 Checking for update using Github
2023-03-01 17:30:23 Success.
2023-03-01 17:30:23 Latest version is 1.1.15
2023-03-01 17:30:23 App is up to date.
2023-03-01 17:30:23 Checking for update using Github
2023-03-01 17:30:23 Success.
2023-03-01 17:30:23 Latest version is 1.1.15
2023-03-01 17:30:23 App is up to date.
2023-03-01 17:30:24 Checking for update using Github
2023-03-01 17:30:24 Success.
2023-03-01 17:30:24 Latest version is 1.1.15
2023-03-01 17:30:24 App is up to date.
2023-03-01 17:30:24 Checking for update using Github
2023-03-01 17:30:24 Success.
2023-03-01 17:30:24 Latest version is 1.1.15
2023-03-01 17:30:24 App is up to date.
2023-03-01 17:30:24 Checking for update using Github
2023-03-01 17:30:24 Success.
2023-03-01 17:30:24 Latest version is 1.1.15
2023-03-01 17:30:24 App is up to date.
2023-03-01 17:30:24 Checking for update using Github
2023-03-01 17:30:24 Success.
2023-03-01 17:30:24 Latest version is 1.1.15
2023-03-01 17:30:24 App is up to date.
2023-03-01 17:30:24 Checking for update using Github
2023-03-01 17:30:24 Success.
2023-03-01 17:30:24 Latest version is 1.1.15
2023-03-01 17:30:24 App is up to date.
2023-03-01 17:30:25 Checking for update using Github
2023-03-01 17:30:25 Success.
2023-03-01 17:30:25 Latest version is 1.1.15
2023-03-01 17:30:25 App is up to date.
2023-03-01 17:30:25 Checking for update using Github
2023-03-01 17:30:25 Success.
2023-03-01 17:30:25 Latest version is 1.1.15
2023-03-01 17:30:25 App is up to date.
2023-03-01 17:30:25 Checking for update using Github
2023-03-01 17:30:25 Success.
2023-03-01 17:30:25 Latest version is 1.1.15
2023-03-01 17:30:25 App is up to date.
2023-03-01 17:30:25 Checking for update using Github
2023-03-01 17:30:25 Success.
2023-03-01 17:30:25 Latest version is 1.1.15
2023-03-01 17:30:25 App is up to date.
2023-03-01 17:30:25 Checking for update using Github
2023-03-01 17:30:25 Success.
2023-03-01 17:30:25 Latest version is 1.1.15
2023-03-01 17:30:25 App is up to date.
2023-03-01 17:34:04 Loading main app package /usr/lib/obsidian/obsidian.asar
2023-03-01 17:34:04 Checking for update using Github
2023-03-01 17:34:04 Success.
2023-03-01 17:34:04 Latest version is 1.1.15
2023-03-01 17:34:04 App is up to date.
2023-03-01 17:41:52 Loading main app package /usr/lib/obsidian/obsidian.asar
2023-03-01 17:41:53 Checking for update using Github
2023-03-01 17:41:53 Success.
2023-03-01 17:41:53 Latest version is 1.1.15
2023-03-01 17:41:53 App is up to date.
2023-03-01 17:44:43 Loading main app package /usr/lib/obsidian/obsidian.asar
2023-03-01 17:44:43 Checking for update using Github
2023-03-01 17:44:43 Success.
2023-03-01 17:44:43 Latest version is 1.1.15
2023-03-01 17:44:43 App is up to date.
2023-03-01 18:44:43 Checking for update using Github
2023-03-01 18:44:43 Success.
2023-03-01 18:44:43 Latest version is 1.1.15
2023-03-01 18:44:43 App is up to date.
2023-03-01 19:44:43 Checking for update using Github
2023-03-01 19:44:43 Success.
2023-03-01 19:44:43 Latest version is 1.1.15
2023-03-01 19:44:43 App is up to date.
2023-03-01 20:44:43 Checking for update using Github
2023-03-01 20:44:43 Success.
2023-03-01 20:44:43 Latest version is 1.1.15
2023-03-01 20:44:43 App is up to date.
2023-03-02 11:04:34 Loading main app package /usr/lib/obsidian/obsidian.asar
2023-03-02 11:04:35 Checking for update using Github
2023-03-02 11:04:35 Success.
2023-03-02 11:04:35 Latest version is 1.1.16
2023-03-02 11:04:35 Downloading update from https://github.com/obsidianmd/obsidian-releases/releases/download/v1.1.16/obsidian-1.1.16.asar.gz
2023-03-02 11:04:36 Verifying hash & signature. Size= 5766915
2023-03-02 11:04:36 Saving file
2023-03-02 11:04:36 Update complete.
2023-03-02 12:04:34 Checking for update using Github
2023-03-02 12:04:34 Success.
2023-03-02 12:04:34 Latest version is 1.1.16
2023-03-02 12:04:34 An update is already downloaded.
2023-03-02 18:13:34 Loading updated app package /home/trecto/.config/obsidian/obsidian-1.1.16.asar
2023-03-02 18:13:34 Checking for update using Github
2023-03-02 18:13:35 Success.
2023-03-02 18:13:35 Latest version is 1.1.16
2023-03-02 18:13:35 App is up to date.
2023-03-02 19:13:34 Checking for update using Github
2023-03-02 19:13:34 Success.
2023-03-02 19:13:34 Latest version is 1.1.16
2023-03-02 19:13:34 App is up to date.
2023-03-02 20:13:34 Checking for update using Github
2023-03-02 20:13:34 Success.
2023-03-02 20:13:34 Latest version is 1.1.16
2023-03-02 20:13:34 App is up to date.
2023-03-03 12:17:58 Loading updated app package /home/trecto/.config/obsidian/obsidian-1.1.16.asar
2023-03-03 12:17:59 Checking for update using Github
2023-03-03 12:17:59 Success.
2023-03-03 12:17:59 Latest version is 1.1.16
2023-03-03 12:17:59 App is up to date.
2023-03-03 13:17:58 Checking for update using Github
2023-03-03 13:17:59 Success.
2023-03-03 13:17:59 Latest version is 1.1.16
2023-03-03 13:17:59 App is up to date.
2023-03-03 14:17:59 Checking for update using Github
2023-03-03 14:17:59 Success.
2023-03-03 14:17:59 Latest version is 1.1.16
2023-03-03 14:17:59 App is up to date.
2023-03-03 15:17:59 Checking for update using Github
2023-03-03 15:17:59 Success.
2023-03-03 15:17:59 Latest version is 1.1.16
2023-03-03 15:17:59 App is up to date.
2023-03-03 16:17:59 Checking for update using Github
2023-03-03 16:17:59 Success.
2023-03-03 16:17:59 Latest version is 1.1.16
2023-03-03 16:17:59 App is up to date.
2023-03-03 17:17:59 Checking for update using Github
2023-03-03 17:17:59 Success.
2023-03-03 17:17:59 Latest version is 1.1.16
2023-03-03 17:17:59 App is up to date.
2023-03-03 18:17:59 Checking for update using Github
2023-03-03 18:17:59 Success.
2023-03-03 18:17:59 Latest version is 1.1.16
2023-03-03 18:17:59 App is up to date.
2023-03-03 19:17:59 Checking for update using Github
2023-03-03 19:17:59 Success.
2023-03-03 19:17:59 Latest version is 1.1.16
2023-03-03 19:17:59 App is up to date.
2023-03-03 20:17:59 Checking for update using Github
2023-03-03 20:18:00 Success.
2023-03-03 20:18:00 Latest version is 1.1.16
2023-03-03 20:18:00 App is up to date.
2023-03-06 13:08:23 Loading main app package /usr/lib/obsidian/obsidian.asar
2023-03-06 13:08:24 Checking for update using Github
2023-03-06 13:08:25 Success.
2023-03-06 13:08:25 Latest version is 1.1.16
2023-03-06 13:08:25 App is up to date.
2023-03-09 12:23:29 Loading main app package /usr/lib/obsidian/obsidian.asar
2023-03-09 12:23:30 Checking for update using Github
2023-03-09 12:23:30 Success.
2023-03-09 12:23:30 Latest version is 1.1.16
2023-03-09 12:23:30 App is up to date.
2023-03-09 13:23:29 Checking for update using Github
2023-03-09 13:23:29 Success.
2023-03-09 13:23:29 Latest version is 1.1.16
2023-03-09 13:23:29 App is up to date.
2023-03-09 14:00:29 Loading main app package /usr/lib/obsidian/obsidian.asar
2023-03-09 14:00:29 Checking for update using Github
2023-03-09 14:00:30 Success.
2023-03-09 14:00:30 Latest version is 1.1.16
2023-03-09 14:00:30 App is up to date.
2023-03-09 15:00:30 Checking for update using Github
2023-03-09 15:00:30 Success.
2023-03-09 15:00:30 Latest version is 1.1.16
2023-03-09 15:00:30 App is up to date.
2023-03-09 16:00:30 Checking for update using Github
2023-03-09 16:00:30 Success.
2023-03-09 16:00:30 Latest version is 1.1.16
2023-03-09 16:00:30 App is up to date.
2023-03-09 17:00:30 Checking for update using Github
2023-03-09 17:00:30 Success.
2023-03-09 17:00:30 Latest version is 1.1.16
2023-03-09 17:00:30 App is up to date.
2023-03-09 18:00:30 Checking for update using Github
2023-03-09 18:00:30 Success.
2023-03-09 18:00:30 Latest version is 1.1.16
2023-03-09 18:00:30 App is up to date.
2023-03-09 20:31:32 Loading main app package /usr/lib/obsidian/obsidian.asar
2023-03-09 20:31:33 Checking for update using Github
2023-03-09 20:31:34 Success.
2023-03-09 20:31:34 Latest version is 1.1.16
2023-03-09 20:31:34 App is up to date.
2023-03-11 20:53:34 Loading main app package /usr/lib/obsidian/obsidian.asar
2023-03-11 20:53:34 Checking for update using Github
2023-03-11 20:53:35 Success.
2023-03-11 20:53:35 Latest version is 1.1.16
2023-03-11 20:53:35 App is up to date.
2023-03-11 23:05:59 Loading main app package /usr/lib/obsidian/obsidian.asar
2023-03-11 23:06:00 Checking for update using Github
2023-03-11 23:06:00 Success.
2023-03-11 23:06:00 Latest version is 1.1.16
2023-03-11 23:06:00 App is up to date.
2023-03-12 00:06:46 Loading main app package /usr/lib/obsidian/obsidian.asar
2023-03-12 00:06:47 Checking for update using Github
2023-03-12 00:06:47 Success.
2023-03-12 00:06:47 Latest version is 1.1.16
2023-03-12 00:06:47 App is up to date.
2023-03-12 00:19:03 Loading main app package /usr/lib/obsidian/obsidian.asar
2023-03-12 00:19:03 Checking for update using Github
2023-03-12 00:19:03 Success.
2023-03-12 00:19:03 Latest version is 1.1.16
2023-03-12 00:19:03 App is up to date.
2023-03-12 01:02:12 Loading main app package /usr/lib/obsidian/obsidian.asar
2023-03-12 01:02:12 Checking for update using Github
2023-03-12 01:02:13 Success.
2023-03-12 01:02:13 Latest version is 1.1.16
2023-03-12 01:02:13 App is up to date.
2023-03-12 12:38:30 Loading main app package /usr/lib/obsidian/obsidian.asar
2023-03-12 12:38:31 Checking for update using Github
2023-03-12 12:38:34 Success.
2023-03-12 12:38:34 Latest version is 1.1.16
2023-03-12 12:38:34 App is up to date.
2023-03-12 13:38:30 Checking for update using Github
2023-03-12 13:38:33 Success.
2023-03-12 13:38:33 Latest version is 1.1.16
2023-03-12 13:38:33 App is up to date.
2023-03-12 14:38:30 Checking for update using Github
2023-03-12 14:38:30 Success.
2023-03-12 14:38:30 Latest version is 1.1.16
2023-03-12 14:38:30 App is up to date.
2023-03-12 16:32:27 Loading main app package /usr/lib/obsidian/obsidian.asar
2023-03-12 16:32:28 Checking for update using Github
2023-03-12 16:32:28 Success.
2023-03-12 16:32:28 Latest version is 1.1.16
2023-03-12 16:32:28 App is up to date.
2023-03-12 17:32:28 Checking for update using Github
2023-03-12 17:32:28 Success.
2023-03-12 17:32:28 Latest version is 1.1.16
2023-03-12 17:32:28 App is up to date.
2023-03-12 19:08:01 Loading main app package /usr/lib/obsidian/obsidian.asar
2023-03-12 19:08:02 Checking for update using Github
2023-03-12 19:08:02 Success.
2023-03-12 19:08:02 Latest version is 1.1.16
2023-03-12 19:08:02 App is up to date.
2023-03-12 20:08:01 Checking for update using Github
2023-03-12 20:08:01 Success.
2023-03-12 20:08:01 Latest version is 1.1.16
2023-03-12 20:08:02 App is up to date.
2023-03-12 21:08:01 Checking for update using Github
2023-03-12 21:08:02 Success.
2023-03-12 21:08:02 Latest version is 1.1.16
2023-03-12 21:08:02 App is up to date.
2023-03-12 22:08:01 Checking for update using Github
2023-03-12 22:08:05 Success.
2023-03-12 22:08:05 Latest version is 1.1.16
2023-03-12 22:08:05 App is up to date.
2023-03-15 14:07:56 Loading main app package /usr/lib/obsidian/obsidian.asar
2023-03-15 14:07:57 Checking for update using Github
2023-03-15 14:08:01 Success.
2023-03-15 14:08:01 Latest version is 1.1.16
2023-03-15 14:08:01 App is up to date.
2023-03-15 15:07:57 Checking for update using Github
2023-03-15 15:07:57 Success.
2023-03-15 15:07:57 Latest version is 1.1.16
2023-03-15 15:07:57 App is up to date.
2023-03-15 16:07:57 Checking for update using Github
2023-03-15 16:07:57 Success.
2023-03-15 16:07:57 Latest version is 1.1.16
2023-03-15 16:07:57 App is up to date.
2023-03-15 16:47:35 Loading main app package /usr/lib/obsidian/obsidian.asar
2023-03-15 16:47:35 Checking for update using Github
2023-03-15 16:47:35 Success.
2023-03-15 16:47:35 Latest version is 1.1.16
2023-03-15 16:47:35 App is up to date.
2023-03-15 17:47:35 Checking for update using Github
2023-03-15 17:47:35 Success.
2023-03-15 17:47:35 Latest version is 1.1.16
2023-03-15 17:47:35 App is up to date.
2023-03-15 18:47:35 Checking for update using Github
2023-03-15 18:47:35 Success.
2023-03-15 18:47:35 Latest version is 1.1.16
2023-03-15 18:47:35 App is up to date.
2023-03-15 19:47:35 Checking for update using Github
2023-03-15 19:47:35 Success.
2023-03-15 19:47:35 Latest version is 1.1.16
2023-03-15 19:47:35 App is up to date.
2023-03-15 20:47:35 Checking for update using Github
2023-03-15 20:47:35 Success.
2023-03-15 20:47:35 Latest version is 1.1.16
2023-03-15 20:47:35 App is up to date.
2023-03-16 16:01:20 Loading main app package /usr/lib/obsidian/obsidian.asar
2023-03-16 16:01:21 Checking for update using Github
2023-03-16 16:01:21 Success.
2023-03-16 16:01:21 Latest version is 1.1.16
2023-03-16 16:01:21 App is up to date.
2023-03-16 17:01:20 Checking for update using Github
2023-03-16 17:01:20 Success.
2023-03-16 17:01:20 Latest version is 1.1.16
2023-03-16 17:01:20 App is up to date.
2023-03-16 21:03:30 Loading main app package /usr/lib/obsidian/obsidian.asar
2023-03-16 21:03:31 Checking for update using Github
2023-03-16 21:03:32 Success.
2023-03-16 21:03:32 Latest version is 1.1.16
2023-03-16 21:03:32 App is up to date.
2023-03-17 17:37:01 Loading main app package /usr/lib/obsidian/obsidian.asar
2023-03-17 17:37:01 Checking for update using Github
2023-03-17 17:37:02 Success.
2023-03-17 17:37:02 Latest version is 1.1.16
2023-03-17 17:37:02 App is up to date.
2023-03-17 18:37:01 Checking for update using Github
2023-03-17 18:37:01 Success.
2023-03-17 18:37:01 Latest version is 1.1.16
2023-03-17 18:37:01 App is up to date.
2023-03-17 19:37:01 Checking for update using Github
2023-03-17 19:37:01 Success.
2023-03-17 19:37:01 Latest version is 1.1.16
2023-03-17 19:37:01 App is up to date.
2023-03-17 20:37:01 Checking for update using Github
2023-03-17 20:37:01 Success.
2023-03-17 20:37:01 Latest version is 1.1.16
2023-03-17 20:37:01 App is up to date.
2023-03-18 12:54:32 Loading main app package /usr/lib/obsidian/obsidian.asar
2023-03-18 12:54:32 Checking for update using Github
2023-03-18 12:54:32 Success.
2023-03-18 12:54:32 Latest version is 1.1.16
2023-03-18 12:54:32 App is up to date.
2023-03-18 13:54:32 Checking for update using Github
2023-03-18 13:54:32 Success.
2023-03-18 13:54:32 Latest version is 1.1.16
2023-03-18 13:54:32 App is up to date.
2023-03-18 14:54:32 Checking for update using Github
2023-03-18 14:54:34 Success.
2023-03-18 14:54:34 Latest version is 1.1.16
2023-03-18 14:54:34 App is up to date.
2023-03-18 15:59:57 Loading main app package /usr/lib/obsidian/obsidian.asar
2023-03-18 15:59:57 Checking for update using Github
2023-03-18 15:59:58 Success.
2023-03-18 15:59:58 Latest version is 1.1.16
2023-03-18 15:59:58 App is up to date.
2023-03-18 16:17:56 Loading main app package /usr/lib/obsidian/obsidian.asar
2023-03-18 16:17:56 Checking for update using Github
2023-03-18 16:17:56 Success.
2023-03-18 16:17:56 Latest version is 1.1.16
2023-03-18 16:17:56 App is up to date.
2023-03-18 16:48:29 Loading main app package /usr/lib/obsidian/obsidian.asar
2023-03-18 16:48:30 Checking for update using Github
2023-03-18 16:48:30 Success.
2023-03-18 16:48:30 Latest version is 1.1.16
2023-03-18 16:48:30 App is up to date.
2023-03-18 17:48:29 Checking for update using Github
2023-03-18 17:48:29 Success.
2023-03-18 17:48:29 Latest version is 1.1.16
2023-03-18 17:48:29 App is up to date.
2023-03-18 18:48:29 Checking for update using Github
2023-03-18 18:48:39 Success.
2023-03-18 18:48:39 Latest version is 1.1.16
2023-03-18 18:48:39 App is up to date.
2023-03-18 19:48:29 Checking for update using Github
2023-03-18 19:48:29 Success.
2023-03-18 19:48:29 Latest version is 1.1.16
2023-03-18 19:48:29 App is up to date.
2023-03-18 20:22:02 Loading main app package /usr/lib/obsidian/obsidian.asar
2023-03-18 20:22:02 Checking for update using Github
2023-03-18 20:22:03 Success.
2023-03-18 20:22:03 Latest version is 1.1.16
2023-03-18 20:22:03 App is up to date.
2023-03-19 14:59:31 Loading main app package /usr/lib/obsidian/obsidian.asar
2023-03-19 14:59:32 Checking for update using Github
2023-03-19 14:59:33 Success.
2023-03-19 14:59:33 Latest version is 1.1.16
2023-03-19 14:59:33 App is up to date.
2023-03-19 15:59:32 Checking for update using Github
2023-03-19 15:59:32 Success.
2023-03-19 15:59:32 Latest version is 1.1.16
2023-03-19 15:59:32 App is up to date.
2023-03-19 19:22:47 Loading main app package /usr/lib/obsidian/obsidian.asar
2023-03-19 19:22:47 Checking for update using Github
2023-03-19 19:22:47 Success.
2023-03-19 19:22:47 Latest version is 1.1.16
2023-03-19 19:22:47 App is up to date.
2023-03-19 19:28:53 Loading main app package /usr/lib/obsidian/obsidian.asar
2023-03-19 19:28:55 Checking for update using Github
2023-03-19 19:28:55 Success.
2023-03-19 19:28:55 Latest version is 1.1.16
2023-03-19 19:28:55 App is up to date.
2023-03-19 20:28:53 Checking for update using Github
2023-03-19 20:28:53 Success.
2023-03-19 20:28:53 Latest version is 1.1.16
2023-03-19 20:28:53 App is up to date.
2023-03-19 21:28:53 Checking for update using Github
2023-03-19 21:28:53 Success.
2023-03-19 21:28:53 Latest version is 1.1.16
2023-03-19 21:28:53 App is up to date.
2023-03-20 00:42:39 Loading main app package /usr/lib/obsidian/obsidian.asar
2023-03-20 00:42:40 Checking for update using Github
2023-03-20 00:42:40 Success.
2023-03-20 00:42:40 Latest version is 1.1.16
2023-03-20 00:42:40 App is up to date.
2023-03-20 13:01:07 Loading main app package /usr/lib/obsidian/obsidian.asar
2023-03-20 13:01:09 Checking for update using Github
2023-03-20 13:01:09 Success.
2023-03-20 13:01:09 Latest version is 1.1.16
2023-03-20 13:01:09 App is up to date.
2023-03-20 14:18:50 Loading main app package /usr/lib/obsidian/obsidian.asar
2023-03-20 14:18:50 Checking for update using Github
2023-03-20 14:18:50 Success.
2023-03-20 14:18:50 Latest version is 1.1.16
2023-03-20 14:18:50 App is up to date.
2023-03-20 15:20:08 Loading main app package /usr/lib/obsidian/obsidian.asar
2023-03-20 15:20:09 Checking for update using Github
2023-03-20 15:20:10 Success.
2023-03-20 15:20:10 Latest version is 1.1.16
2023-03-20 15:20:10 App is up to date.
2023-03-20 16:11:19 Loading main app package /usr/lib/obsidian/obsidian.asar
2023-03-20 16:11:21 Checking for update using Github
2023-03-20 16:11:21 Success.
2023-03-20 16:11:21 Latest version is 1.1.16
2023-03-20 16:11:21 App is up to date.
2023-03-20 16:16:21 Loading main app package /usr/lib/obsidian/obsidian.asar
2023-03-20 16:16:22 Checking for update using Github
2023-03-20 16:16:23 Success.
2023-03-20 16:16:23 Latest version is 1.1.16
2023-03-20 16:16:23 App is up to date.
2023-03-20 16:16:33 Loading main app package /usr/lib/obsidian/obsidian.asar
2023-03-20 16:16:35 Checking for update using Github
2023-03-20 17:16:21 Checking for update using Github
2023-03-20 17:16:21 Success.
2023-03-20 17:16:21 Latest version is 1.1.16
2023-03-20 17:16:21 App is up to date.
2023-03-20 18:16:21 Checking for update using Github
2023-03-20 18:16:21 Success.
2023-03-20 18:16:21 Latest version is 1.1.16
2023-03-20 18:16:21 App is up to date.
2023-03-20 19:16:21 Checking for update using Github
2023-03-20 19:16:22 Success.
2023-03-20 19:16:22 Latest version is 1.1.16
2023-03-20 19:16:22 App is up to date.
2023-03-21 12:50:05 Loading main app package /usr/lib/obsidian/obsidian.asar
2023-03-21 12:50:07 Checking for update using Github
2023-03-21 12:50:08 Success.
2023-03-21 12:50:08 Latest version is 1.1.16
2023-03-21 12:50:08 App is up to date.
2023-03-21 13:41:07 Loading main app package /usr/lib/obsidian/obsidian.asar
2023-03-21 13:41:08 Checking for update using Github
2023-03-21 13:41:08 Success.
2023-03-21 13:41:08 Latest version is 1.1.16
2023-03-21 13:41:08 App is up to date.
2023-03-21 14:41:07 Checking for update using Github
2023-03-21 14:41:07 Success.
2023-03-21 14:41:07 Latest version is 1.1.16
2023-03-21 14:41:07 App is up to date.
2023-03-21 15:41:07 Checking for update using Github
2023-03-21 15:41:08 Success.
2023-03-21 15:41:08 Latest version is 1.1.16
2023-03-21 15:41:08 App is up to date.
2023-03-22 12:10:47 Loading main app package /usr/lib/obsidian/obsidian.asar
2023-03-22 12:10:47 Checking for update using Github
2023-03-22 12:10:57 Success.
2023-03-22 12:10:57 Latest version is 1.1.16
2023-03-22 12:10:57 App is up to date.
2023-03-22 13:10:47 Checking for update using Github
2023-03-22 13:10:47 Success.
2023-03-22 13:10:47 Latest version is 1.1.16
2023-03-22 13:10:47 App is up to date.
2023-03-22 14:10:47 Checking for update using Github
2023-03-22 14:10:47 Success.
2023-03-22 14:10:47 Latest version is 1.1.16
2023-03-22 14:10:47 App is up to date.
2023-03-22 15:10:47 Checking for update using Github
2023-03-22 15:10:47 Success.
2023-03-22 15:10:47 Latest version is 1.1.16
2023-03-22 15:10:47 App is up to date.
2023-03-22 16:10:47 Checking for update using Github
2023-03-22 16:10:47 Success.
2023-03-22 16:10:47 Latest version is 1.1.16
2023-03-22 16:10:47 App is up to date.
2023-03-22 17:10:47 Checking for update using Github
2023-03-22 17:10:47 Success.
2023-03-22 17:10:47 Latest version is 1.1.16
2023-03-22 17:10:47 App is up to date.
2023-03-22 18:10:47 Checking for update using Github
2023-03-22 18:10:47 Success.
2023-03-22 18:10:47 Latest version is 1.1.16
2023-03-22 18:10:47 App is up to date.
2023-03-22 20:16:01 Loading main app package /usr/lib/obsidian/obsidian.asar
2023-03-22 20:16:02 Checking for update using Github
2023-03-22 20:16:03 Success.
2023-03-22 20:16:03 Latest version is 1.1.16
2023-03-22 20:16:03 App is up to date.
2023-03-23 11:41:09 Loading main app package /usr/lib/obsidian/obsidian.asar
2023-03-23 11:41:09 Checking for update using Github
2023-03-23 11:41:09 Success.
2023-03-23 11:41:09 Latest version is 1.1.16
2023-03-23 11:41:09 App is up to date.
2023-03-23 12:57:11 Loading main app package /usr/lib/obsidian/obsidian.asar
2023-03-23 12:57:11 Checking for update using Github
2023-03-23 12:57:11 Success.
2023-03-23 12:57:11 Latest version is 1.1.16
2023-03-23 12:57:11 App is up to date.
2023-03-23 13:57:11 Checking for update using Github
2023-03-23 13:57:11 Success.
2023-03-23 13:57:11 Latest version is 1.1.16
2023-03-23 13:57:11 App is up to date.
2023-03-23 14:57:11 Checking for update using Github
2023-03-23 14:57:11 Success.
2023-03-23 14:57:11 Latest version is 1.1.16
2023-03-23 14:57:11 App is up to date.
2023-03-23 15:57:11 Checking for update using Github
2023-03-23 15:57:11 Success.
2023-03-23 15:57:11 Latest version is 1.1.16
2023-03-23 15:57:11 App is up to date.
2023-03-23 16:57:11 Checking for update using Github
2023-03-23 16:57:11 Success.
2023-03-23 16:57:11 Latest version is 1.1.16
2023-03-23 16:57:11 App is up to date.
2023-03-24 16:25:46 Loading main app package /usr/lib/obsidian/obsidian.asar
2023-03-24 16:25:47 Checking for update using Github
2023-03-24 16:25:47 Success.
2023-03-24 16:25:47 Latest version is 1.1.16
2023-03-24 16:25:47 App is up to date.
2023-03-24 17:25:46 Checking for update using Github
2023-03-24 17:25:47 Success.
2023-03-24 17:25:47 Latest version is 1.1.16
2023-03-24 17:25:47 App is up to date.
2023-03-24 18:25:46 Checking for update using Github
2023-03-24 18:25:47 Success.
2023-03-24 18:25:47 Latest version is 1.1.16
2023-03-24 18:25:47 App is up to date.
2023-03-24 19:25:47 Checking for update using Github
2023-03-24 19:25:47 Success.
2023-03-24 19:25:47 Latest version is 1.1.16
2023-03-24 19:25:47 App is up to date.
2023-03-24 20:25:47 Checking for update using Github
2023-03-24 20:25:47 Success.
2023-03-24 20:25:47 Latest version is 1.1.16
2023-03-24 20:25:47 App is up to date.
2023-03-27 12:15:52 Loading main app package /usr/lib/obsidian/obsidian.asar
2023-03-27 12:15:52 Checking for update using Github
2023-03-27 12:15:53 Success.
2023-03-27 12:15:53 Latest version is 1.1.16
2023-03-27 12:15:53 App is up to date.
2023-03-27 13:15:52 Checking for update using Github
2023-03-27 13:15:52 Success.
2023-03-27 13:15:52 Latest version is 1.1.16
2023-03-27 13:15:52 App is up to date.
2023-03-27 14:15:52 Checking for update using Github
2023-03-27 14:15:52 Success.
2023-03-27 14:15:52 Latest version is 1.1.16
2023-03-27 14:15:52 App is up to date.
2023-03-27 15:15:52 Checking for update using Github
2023-03-27 15:15:52 Success.
2023-03-27 15:15:52 Latest version is 1.1.16
2023-03-27 15:15:52 App is up to date.
2023-03-27 16:15:52 Checking for update using Github
2023-03-27 16:15:53 Success.
2023-03-27 16:15:53 Latest version is 1.1.16
2023-03-27 16:15:53 App is up to date.
